[debug] [2024-11-04T19:12:21.244Z] ----------------------------------------------------------------------
[debug] [2024-11-04T19:12:21.246Z] Command:       C:\Program Files\nodejs\node.exe C:\Users\RWDA TECH\AppData\Roaming\npm\node_modules\firebase-tools\lib\bin\firebase.js init
[debug] [2024-11-04T19:12:21.246Z] CLI Version:   13.24.0
[debug] [2024-11-04T19:12:21.246Z] Platform:      win32
[debug] [2024-11-04T19:12:21.246Z] Node Version:  v20.16.0
[debug] [2024-11-04T19:12:21.246Z] Time:          Mon Nov 04 2024 22:12:21 GMT+0300 (Arabian Standard Time)
[debug] [2024-11-04T19:12:21.247Z] ----------------------------------------------------------------------
[debug] 
[debug] [2024-11-04T19:12:21.251Z] > command requires scopes: ["email","openid","https://www.googleapis.com/auth/cloudplatformprojects.readonly","https://www.googleapis.com/auth/firebase","https://www.googleapis.com/auth/cloud-platform"]
[debug] [2024-11-04T19:12:21.252Z] > authorizing via signed-in user (mustafa.2005.sukhnia@gmail.com)
[info] 
     ######## #### ########  ######## ########     ###     ######  ########
     ##        ##  ##     ## ##       ##     ##  ##   ##  ##       ##
     ######    ##  ########  ######   ########  #########  ######  ######
     ##        ##  ##    ##  ##       ##     ## ##     ##       ## ##
     ##       #### ##     ## ######## ########  ##     ##  ######  ########

You're about to initialize a Firebase project in this directory:

  M:\study-online\projects-React\educational-platform

[info] 
=== Project Setup
[info] 
[info] First, let's associate this project directory with a Firebase project.
[info] You can create multiple project aliases by running firebase use --add, 
[info] but for now we'll just set up a default project.
[info] 
[debug] [2024-11-04T19:14:00.065Z] Checked if tokens are valid: true, expires at: 1730751117498
[debug] [2024-11-04T19:14:00.065Z] Checked if tokens are valid: true, expires at: 1730751117498
[debug] [2024-11-04T19:14:00.066Z] >>> [apiv2][query] GET https://firebase.googleapis.com/v1beta1/projects pageSize=100
[debug] [2024-11-04T19:14:00.927Z] <<< [apiv2][status] GET https://firebase.googleapis.com/v1beta1/projects 200
[debug] [2024-11-04T19:14:00.927Z] <<< [apiv2][body] GET https://firebase.googleapis.com/v1beta1/projects [omitted]
[info] i  Using project error-academy (Error academy) 
[info] 
=== Hosting Setup
[debug] [2024-11-04T19:14:16.146Z] Checked if tokens are valid: true, expires at: 1730751117498
[debug] [2024-11-04T19:14:16.146Z] Checked if tokens are valid: true, expires at: 1730751117498
[debug] [2024-11-04T19:14:16.146Z] >>> [apiv2][query] GET https://firebase.googleapis.com/v1beta1/projects/error-academy [none]
[debug] [2024-11-04T19:14:16.756Z] <<< [apiv2][status] GET https://firebase.googleapis.com/v1beta1/projects/error-academy 200
[debug] [2024-11-04T19:14:16.757Z] <<< [apiv2][body] GET https://firebase.googleapis.com/v1beta1/projects/error-academy {"projectId":"error-academy","projectNumber":"855802413626","displayName":"Error academy","name":"projects/error-academy","resources":{"hostingSite":"error-academy"},"state":"ACTIVE","etag":"1_6afaff21-17d4-425c-8eaf-e78f2e124bf5"}
[info] 
[info] Your public directory is the folder (relative to your project directory) that
[info] will contain Hosting assets to be uploaded with firebase deploy. If you
[info] have a build process for your assets, use your build's output directory.
[info] 
